\o Program:		@(#)$CDS: libManager version 6.1.7 - CAT35 10/30/2018 21:08 (sjfnl050) $
\o Sub version:		sub-version  s231 
\o Arguments:		-mpssession virtuoso3158 -mpshost localhost.localdomain 
\o Working Directory:	localhost.localdomain:/home/eleccds/cadence
\o 64-bit offsets
\o Qt version: 		4.8.5
\o Log file is "/home/eleccds/cadence/libManager.log".
\o Opening libManager window.
\a nrSetCurrentWindow(cdsLibManager)
\a nrResizeWindow(cdsLibManager list(-10 20 1920 1097))
\o changeWorkingDir("/home/eleccds/cadence") unnecessary.
\o ddSetForcedLib("") unnecessary.
\o MPS service: map window
\o Library Manager customization server connected.
\a cdsLibManager->libListBox->value = "ELEC9701_Assignments"
\a cdsLibManager->libLineEdit->value = "ELEC9701_Assignments"
\a cdsLibManager->cellListBox->value = "Completed_Differential_Comparator_tb"
\a cdsLibManager->cellLineEdit->value = "Completed_Differential_Comparator_tb"
\a lmgrLogShowPopup("mainListPopup1" 93 59 2 "Completed_Differential_Comparator_tb")
\a cdsLibManager->viewListBox->value = "schematic"
\a cdsLibManager->viewLineEdit->value = "schematic"
\a cdsLibManager->viewListBox->value = nil
\a cdsLibManager->viewLineEdit->value = ""
\a cdsLibManager->viewListBox->value = "schematic"
\a cdsLibManager->viewLineEdit->value = "schematic"
\o MPS request: edit design
\a nrListItemAction(cdsLibManager->gdmXTView 1 0)
\a cdsLibManager->libListBox->value = nil
\a cdsLibManager->libLineEdit->value = ""
\a cdsLibManager->cellListBox->value = nil
\a cdsLibManager->viewLineEdit->value = ""
\a cdsLibManager->viewListBox->value = nil
\a cdsLibManager->cellLineEdit->value = ""
\a cdsLibManager->libListBox->value = "ELEC9701_Assignments"
\a cdsLibManager->libLineEdit->value = "ELEC9701_Assignments"
\a cdsLibManager->cellListBox->value = "Completed_Differential_Comparator_tb"
\a cdsLibManager->cellLineEdit->value = "Completed_Differential_Comparator_tb"
\a cdsLibManager->viewListBox->value = "schematic"
\a cdsLibManager->viewLineEdit->value = "schematic"
\a cdsLibManager->viewLineEdit->value = ""
\a cdsLibManager->viewListBox->value = nil
\a cdsLibManager->viewListBox->value = "schematic"
\a cdsLibManager->viewLineEdit->value = "schematic"
\a cdsLibManager->libListBox->value = nil
\a cdsLibManager->libLineEdit->value = ""
\a cdsLibManager->cellListBox->value = nil
\a cdsLibManager->viewLineEdit->value = ""
\a cdsLibManager->viewListBox->value = nil
\a cdsLibManager->cellLineEdit->value = ""
\a cdsLibManager->libListBox->value = "ELEC9701_Assignments"
\a cdsLibManager->libLineEdit->value = "ELEC9701_Assignments"
\a cdsLibManager->cellListBox->value = "Completed_Differential_Comparator_tb"
\a cdsLibManager->cellLineEdit->value = "Completed_Differential_Comparator_tb"
\a cdsLibManager->viewListBox->value = "schematic"
\a cdsLibManager->viewLineEdit->value = "schematic"
\a cdsLibManager->viewLineEdit->value = ""
\a cdsLibManager->viewListBox->value = nil
\a cdsLibManager->viewListBox->value = "schematic"
\a cdsLibManager->viewLineEdit->value = "schematic"
\a nrSetCurrentWindow(cdsLibManager)
\a nrSetCurrentWindow(cdsLibManager)
\a nrSetCurrentWindow(cdsLibManager)
\a nrSetCurrentWindow(cdsLibManager)
\a nrSetCurrentWindow(cdsLibManager)
\a nrSetCurrentWindow(cdsLibManager)
\a _lmgrCloseIconify("cdsLibManager" 1)
\a nrSetCurrentWindow(cdsLibManager)
\a nrSetCurrentWindow(cdsLibManager)
\o MPS service: shutdown
\o libManager is exiting.
\a nrSetWindowVisibility(cdsLibManager "hide")
\a exit(0)
