*Info*    Exporting services from client ... 

*Info*    Client has finished starting ... 



*Info*    Configuring the session ...

	Library      = ELEC9701_Assignments
	Cell         = Inveter_tb
	View         = schematic
	Simulator    = spectre
	State Path   = $AXL_SETUPDB_DIR/test_states
	State Name   = ExplorerRun.0
	Results DB   = /home/eleccds/cadence/ELEC9701_Assignments/Inveter_tb/maestro/results/maestro/ExplorerRun.0.rdb
	Results Dir  = /home/eleccds/simulation/ELEC9701_Assignments/Inveter_tb/maestro/results/maestro/ExplorerRun.0/1/ELEC9701_Assignments:Inveter_tb:1
	Results Loc  = /home/eleccds/simulation/ELEC9701_Assignments/Inveter_tb/maestro/results/maestro
	Project Dir  = /home/eleccds/simulation
	Setup DB loc = /home/eleccds/cadence/ELEC9701_Assignments/Inveter_tb/maestro
	File Encoding = 0


*Info*    The simulation mode in Spectre has been changed from
          'interactive' to 'batch' mode because ICLP.


*Info*    The auto suspension is disabled.






*Info*    Run start for Point ID (1 1) on testbench [
          ELEC9701_Assignments:Inveter_tb:1 ].

Resetting statistical vars

*Info*    Setting parameter values ...

Setting temp(T) = 27

*Info*    Netlist Directory =
          /home/eleccds/simulation/ELEC9701_Assignments/Inveter_tb/maestro/results/maestro/ExplorerRun.0/1/ELEC9701_Assignments:Inveter_tb:1/netlist


*Info*    Data Directory    =
          /home/eleccds/simulation/ELEC9701_Assignments/Inveter_tb/maestro/results/maestro/ExplorerRun.0/1/ELEC9701_Assignments:Inveter_tb:1


*Info*    Creating Netlist for Point ID (1 1)

generate netlist...
Begin Incremental Netlisting Nov  1 21:34:02 2024
End netlisting Nov  1 21:34:02 2024

	The netlist is up to date.
	Time taken to compare the design with netlist:   0.0s
      ...successful.
compose simulator input file...
      ...successful.

*Info*    Running simulation on testbench [
          ELEC9701_Assignments:Inveter_tb:1 ] for Point ID (1 1).

Delete psf data in /home/eleccds/simulation/ELEC9701_Assignments/Inveter_tb/maestro/results/maestro/ExplorerRun.0/1/ELEC9701_Assignments:Inveter_tb:1/psf.
compose simulator input file...
      ...successful.
start simulator if needed...
      ...successful.
simulate...
To view the simulator output, right-click on the test name, result 
name, or any value in the "Results" tab of the Outputs section and 
choose "Output Log" menu option.
ERROR (EXPLORER-2404): Cannot find a setup database entry for handle 0.
Provide a valid database handle and try again.


*Error*   Error ID  = 5011
*Error*   Error Msg = Failed to launch the simulation.




