*Info*    Exporting services from client ... 

*Info*    Client has finished starting ... 



*Info*    Configuring the session ...

	Library      = ELEC9701_Assignments
	Cell         = Completed_Differential_Comparator_tb
	View         = schematic
	Simulator    = spectre
	State Path   = $AXL_SETUPDB_DIR/test_states
	State Name   = ExplorerRun.0
	Results DB   = /home/eleccds/cadence/ELEC9701_Assignments/Completed_Differential_Comparator_tb/maestro/results/maestro/ExplorerRun.0.rdb
	Results Dir  = /home/eleccds/simulation/ELEC9701_Assignments/Completed_Differential_Comparator_tb/maestro/results/maestro/ExplorerRun.0/1/ELEC9701_Assignments:Completed_Differential_Comparator_tb:1
	Results Loc  = /home/eleccds/simulation/ELEC9701_Assignments/Completed_Differential_Comparator_tb/maestro/results/maestro
	Project Dir  = /home/eleccds/simulation
	Setup DB loc = /home/eleccds/cadence/ELEC9701_Assignments/Completed_Differential_Comparator_tb/maestro
	File Encoding = 0


*Info*    The simulation mode in Spectre has been changed from
          'interactive' to 'batch' mode because ICLP.


*Info*    The auto suspension is disabled.






*Info*    Run start for Point ID (17 1) on testbench [
          ELEC9701_Assignments:Completed_Differential_Comparator_tb:1
          ].

Resetting statistical vars

*Info*    Setting parameter values ...

Setting var R = "10k"
Setting var T = "10n"
Setting var T_signal_1n = "0"
Setting var T_signal_1p = "0"
Setting var T_signal_2n = "0"
Setting var T_signal_2p = "0"
Setting var V1n = "0.2"
Setting var V1p = "0.3"
Setting var V2n = "0.2"
Setting var V2p = "0.6"
Setting var Vref = "0.45"
Setting var W = "90n"
Setting temp(T) = 27

*Info*    Netlist Directory =
          /home/eleccds/simulation/ELEC9701_Assignments/Completed_Differential_Comparator_tb/maestro/results/maestro/ExplorerRun.0/1/ELEC9701_Assignments:Completed_Differential_Comparator_tb:1/netlist


*Info*    Data Directory    =
          /home/eleccds/simulation/ELEC9701_Assignments/Completed_Differential_Comparator_tb/maestro/results/maestro/ExplorerRun.0/1/ELEC9701_Assignments:Completed_Differential_Comparator_tb:1


*Info*    Creating Netlist for Point ID (17 1)

generate netlist...
Begin Incremental Netlisting Nov 25 12:49:51 2024
WARNING (OSSHNL-226): There are more design variables used in the current netlisting session as
compared to the last session in the current run directory. The netlist(s)
generated in the last netlisting session cannot be reused for incremental
netlisting. Therefore re-netlisting the design.

ERROR (OSSHNL-109): The cellview '9701/Nand-gate/schematic' has been modified since the last extraction. Validate
that the schematic is correct and run Check and Save to correct this error.

ERROR (OSSHNL-109): The cellview '9701/Nand-gate/schematic' has been modified since the last extraction. Validate
that the schematic is correct and run Check and Save to correct this error.

End netlisting Nov 25 12:49:51 2024
ERROR (OSSHNL-514): Netlist generation failed because of the errors reported above. The netlist might not have been generated at all, or the generated netlist could be corrupt. Fix the reported errors and regenerate the netlist.
      ...unsuccessful.

*Error*   Error ID  = 5012
*Error*   Error Msg = Failed to create netlist.









*Info*    Run start for Point ID (17 1) on testbench [
          ELEC9701_Assignments:Completed_Differential_Comparator_tb:1
          ].

Resetting statistical vars

*Info*    Setting parameter values ...

Setting var R = "10k"
Setting var T = "10n"
Setting var T_signal_1n = "0"
Setting var T_signal_1p = "0"
Setting var T_signal_2n = "0"
Setting var T_signal_2p = "0"
Setting var V1n = "0.2"
Setting var V1p = "0.3"
Setting var V2n = "0.2"
Setting var V2p = "0.6"
Setting var Vref = "0.45"
Setting var W = "90n"
Setting temp(T) = 27

*Info*    Netlist Directory =
          /home/eleccds/simulation/ELEC9701_Assignments/Completed_Differential_Comparator_tb/maestro/results/maestro/ExplorerRun.0/1/ELEC9701_Assignments:Completed_Differential_Comparator_tb:1/netlist


*Info*    Data Directory    =
          /home/eleccds/simulation/ELEC9701_Assignments/Completed_Differential_Comparator_tb/maestro/results/maestro/ExplorerRun.0/1/ELEC9701_Assignments:Completed_Differential_Comparator_tb:1


*Info*    Creating Netlist for Point ID (17 1)

generate netlist...
Begin Incremental Netlisting Nov 25 12:49:51 2024
WARNING (OSSHNL-226): There are more design variables used in the current netlisting session as
compared to the last session in the current run directory. The netlist(s)
generated in the last netlisting session cannot be reused for incremental
netlisting. Therefore re-netlisting the design.

ERROR (OSSHNL-109): The cellview '9701/Nand-gate/schematic' has been modified since the last extraction. Validate
that the schematic is correct and run Check and Save to correct this error.

ERROR (OSSHNL-109): The cellview '9701/Nand-gate/schematic' has been modified since the last extraction. Validate
that the schematic is correct and run Check and Save to correct this error.

End netlisting Nov 25 12:49:51 2024
ERROR (OSSHNL-514): Netlist generation failed because of the errors reported above. The netlist might not have been generated at all, or the generated netlist could be corrupt. Fix the reported errors and regenerate the netlist.
      ...unsuccessful.

*Error*   Error ID  = 5012
*Error*   Error Msg = Failed to create netlist.




Simulation design variables differ from those on the cellView,
they have been saved in the file "/tmp/saved-design-variables".
To save future changes, copy variables to cellView before exiting.
