*Info*    Exporting services from client ... 

*Info*    Client has finished starting ... 



*Info*    Configuring the session ...

	Library      = ELEC9701_Assignments
	Cell         = Differential_Comparator_tb
	View         = schematic
	Simulator    = spectre
	State Path   = $AXL_SETUPDB_DIR/test_states
	State Name   = ExplorerRun.0
	Results DB   = /home/eleccds/cadence/ELEC9701_Assignments/Differential_Comparator_tb/maestro/results/maestro/ExplorerRun.0.rdb
	Results Dir  = /home/eleccds/simulation/ELEC9701_Assignments/Differential_Comparator_tb/maestro/results/maestro/ExplorerRun.0/1/ELEC9701_Assignments:Differential_Comparator_tb:1
	Results Loc  = /home/eleccds/simulation/ELEC9701_Assignments/Differential_Comparator_tb/maestro/results/maestro
	Project Dir  = /home/eleccds/simulation
	Setup DB loc = /home/eleccds/cadence/ELEC9701_Assignments/Differential_Comparator_tb/maestro
	File Encoding = 0


*Info*    The simulation mode in Spectre has been changed from
          'interactive' to 'batch' mode because ICLP.


*Info*    The auto suspension is disabled.






*Info*    Run start for Point ID (2 1) on testbench [
          ELEC9701_Assignments:Differential_Comparator_tb:1 ].

Resetting statistical vars

*Info*    Setting parameter values ...

Setting var L = "50n"
Setting var R = "10k"
Setting var W = "135n"
Setting var X = "200m"
Setting var Y = "100m"
Setting temp(T) = 27

*Info*    Netlist Directory =
          /home/eleccds/simulation/ELEC9701_Assignments/Differential_Comparator_tb/maestro/results/maestro/ExplorerRun.0/1/ELEC9701_Assignments:Differential_Comparator_tb:1/netlist


*Info*    Data Directory    =
          /home/eleccds/simulation/ELEC9701_Assignments/Differential_Comparator_tb/maestro/results/maestro/ExplorerRun.0/1/ELEC9701_Assignments:Differential_Comparator_tb:1


*Info*    Creating Netlist for Point ID (2 1)

generate netlist...
Begin Incremental Netlisting Nov  8 17:06:53 2024
End netlisting Nov  8 17:06:53 2024

Netlisting Statistics:
	Number of components:   14

	Elapsed time:          0.0s
Errors: 0	Warnings: 0
      ...successful.
compose simulator input file...
      ...successful.

*Info*    Running simulation on testbench [
          ELEC9701_Assignments:Differential_Comparator_tb:1 ] for
          Point ID (2 1).

Delete psf data in /home/eleccds/simulation/ELEC9701_Assignments/Differential_Comparator_tb/maestro/results/maestro/ExplorerRun.0/1/ELEC9701_Assignments:Differential_Comparator_tb:1/psf.
compose simulator input file...
      ...successful.
start simulator if needed...
      ...successful.
simulate...
To view the simulator output, right-click on the test name, result 
name, or any value in the "Results" tab of the Outputs section and 
choose "Output Log" menu option.
INFO (ADE-3071): Simulation completed successfully.
reading simulation data...
      ...successful.
*Info*    Client has finished evaluating ... 


*Info*    Run complete for Point ID (2 1) on testbench [
          ELEC9701_Assignments:Differential_Comparator_tb:1 ].





Simulation design variables differ from those on the cellView,
they have been saved in the file "/tmp/saved-design-variables".
To save future changes, copy variables to cellView before exiting.
