\# Program start time:     UTC 2024.11.24 07:29:57.354
\# Local time: AEDT (UTC+11:00) 2024.11.24 18:29:57.354
\o Program:		@(#)$CDS: virtuoso version 6.1.7-64b 12/04/2018 19:24 (sjfhw316) $
\o Hierarchy:		/usr/local/cadence/IC617-500-23/tools.lnx86/dfII/
\o Sub version:		sub-version  IC6.1.7-64b.500.23  (64-bit addresses)
\# Command line:	/usr/local/cadence/IC617-500-23/tools.lnx86/dfII/bin/64bit/virtuoso -noautostart -mpssession virtuoso7759 -mpshost localhost.localdomain -davinciService DaVinciService_7759_1732430076 -log /home/eleccds/cadence/logs_eleccds/logs0/Job8.log -licenseLockFileName /home/eleccds/cadence/.tmp_eleccds/.localhost.localdomain_7759 -nograph -nostdin -axlChildIdFlag 8
\# Host name (type):	localhost.localdomain (x86_64)
\# Operating system:	Linux 3.10.0-1160.71.1.el7.x86_64 #1 SMP Wed Jun 15 08:55:08 UTC 2022
\# Linux /etc/issue:	\S
\# Linux /etc/issue:	Kernel \r on an \m
\# X display name (WxH):	:95 (1024x868)
\# Available geometry:			TL(0:0) BR(1023:867)
\# X server:			RealVNC Ltd (VNC nograph server, PID 16359)
\# Depth of Visual (Root):	16 (16)
\# Number of Planes Used:	16
\# X version:		11.0 (vendor release 3370)
\# X resource pool:	base 0x800000, mask 0x3fffff (4194303), shift 0
\# 			current id 0x0, current max 0x3ffffa (4194298)
\# Max data seg size:	     unlimited
\# Max process size:	     unlimited
\# Initial sbrk value:	        465 MB
\# Available memory:	      5,215 MB
\# System memory:	      7,757 MB
\# Maximum memory size:	      7,367 MB
\# Max mem available:	      5,290 MB
\# Initial memory used:	         75 MB
\#        process size:	      1,051 MB
\# Thread usage limits (effective/default):	maxthreads 4096/4096 maxload 1.00/1.00
\# Qt version:		4.8.5
\# Window Manager:	other
\# User Name:		eleccds
\o Working Directory:	localhost.localdomain:/home/eleccds/cadence
\# Process Id:		16381
\o 
\o COPYRIGHT (C) 1992-2018  CADENCE DESIGN SYSTEMS INC.  ALL RIGHTS RESERVED.
\o           (C) 1992-2018  UNIX SYSTEMS Laboratories INC.,
\o                          Reproduced with permission.
\o 
\o This Cadence Design Systems program and online documentation are
\o proprietary/confidential information and may be disclosed/used only
\o as authorized in a license agreement controlling such use and disclosure.
\o 
\o           RESTRICTED RIGHTS NOTICE (SHORT FORM)
\o Use/reproduction/disclosure is subject to restriction
\o set forth at FAR 1252.227-19 or its equivalent.
\o Loading geView.cxt 
\o Loading menuBuilder.cxt 
\o Loading schView.cxt 
\o Loading selectSv.cxt 
\o Loading wireEdit.cxt 
\o Loading pte2.cxt 
\o Loading xlUI.cxt 
\o Loading auCore.cxt 
\o Loading vhdl.cxt 
\o Loading seismic.cxt 
\o Loading ci.cxt 
\o Loading ams.cxt 
\o Loading oasis.cxt 
\o Loading analog.cxt 
\o Loading asimenv.cxt 
\o Loading socket.cxt 
\o Loading dal.cxt 
\o Loading awv.cxt 
\o Loading par.cxt 
\o Loading alvs.cxt 
\o Loading caa.cxt 
\o Loading adexlCore.cxt 
\o Loading adexl.cxt 
\# Memory report: using         179 MB, process size 1,275 MB at UTC 2024.11.24 07:29:58.364
\# Available memory:          5,202 MB at UTC 2024.11.24 07:30:08.041
\# Memory report: Maximum memory size now 5,384 MB at UTC 2024.11.24 07:30:08.041
\# Thread usage report: 2 active threads, active load 1.00 at UTC 2024.11.24 07:30:08.041
\o *Info*    Exporting services from client ... 
\o 
\o *INFO* (icLic-303) virtuoso: PID=16381, Child Mode is true, ICPR Mode is true, Registration Timeout is 180 seconds, Communication Timeout is 180 seconds.
\o //
\o //  Calibre Skill Interface * (v2019.1_18.11) *
\o //
\o //                 Copyright Mentor Graphics Corporation 2005
\o //                             All Rights Reserved.
\o //         THIS WORK CONTAINS TRADE SECRET AND PROPRIETARY INFORMATION
\o //            WHICH IS THE PROPERTY OF MENTOR GRAPHICS CORPORATION
\o //              OR ITS LICENSORS AND IS SUBJECT TO LICENSE TERMS.
\o //
\o //
\e *Error* iliMakeDefstruct: defstruct field name not known - (GlobalDefs ?MinWTO)
\o loading vars from /usr/local/cadence/FreePDK45/ncsu_basekit/cdssetup/cdsenv for tool layout
\o ---------------------------------------------------------------------------
\o Welcome to the FreePDK 45nm Free, Open-Source Process Design Kit
\o 
\o This initiative is brought to you by the Semiconductor Research
\o Corporation (SRC), the National Science Foundation (NSF), Silicon
\o Integration Initiative (Si2), Mentor Graphics, and Synopsys.
\o 
\o This version of the kit was created by Rhett Davis, Paul Franzon,
\o Michael Bucher, Sunil Basavarajaiah, and Harun Demircioglu
\o of North Carolina State University, and James Stine and Ivan Castellanos
\o of Oklahoma State University.
\o 
\o Contributions and modifications to this kit are welcomed and encouraged.
\o 
\o Copyright 2007 - W. Rhett Davis, Paul Franzon, Michael Bucher,
\o                  and Sunil Basavarajaiah, North Carolina State University
\o Copyright 2008 - W. Rhett Davis, Michael Bucher, and Sunil Basavarajaiah,
\o                  North Carolina State University (ncsu_basekit subtree)
\o                  James Stine, and Ivan Castellanos,
\o                  and Oklahoma State University (osu_soc subtree)
\o Copyright 2011 - W. Rhett Davis, and Harun Demircioglu,
\o                  North Carolina State University
\o 
\o Licensed under the Apache License, Version 2.0 (the "License");
\o you may not use this file except in compliance with the License.
\o You may obtain a copy of the License at
\o 
\o     http://www.apache.org/licenses/LICENSE-2.0
\o 
\o Unless required by applicable law or agreed to in writing, software
\o distributed under the License is distributed on an "AS IS" BASIS,
\o WITHOUT WARRANTIES OR CONDITIONS OF ANY KIND, either express or implied.
\o See the License for the specific language governing permissions and
\o limitations under the License.
\o ---------------------------------------------------------------------------
\o 
\o Done loading FreePDK customizations.
\o *Info*    Client has finished starting ... 
\o 
\p > 
\o Loading pe.cxt 
\a _treeSetOpcGUI(t)
\r t
\o Job 8 timed out after no activity in 300 seconds.
\o Loading simui.cxt 
\o 
\o *Info*    Received signal SIGTERM.
\o 
\o 
\# Memory report: on exit            211 MB, process size 1,311 MB at UTC 2024.11.24 07:35:08.786
\# Memory report: peak usage         211 MB, process size 1,311 MB
