*Info*    Exporting services from client ... 

*Info*    Client has finished starting ... 



*Info*    Configuring the session ...

	Library      = 9701
	Cell         = finnal
	View         = schematic
	Simulator    = spectre
	State Path   = $AXL_SETUPDB_DIR/test_states
	State Name   = ExplorerRun.0
	Results DB   = /home/eleccds/cadence/9701/finnal/maestro/results/maestro/ExplorerRun.0.rdb
	Results Dir  = /home/eleccds/simulation/9701/finnal/maestro/results/maestro/ExplorerRun.0/1/9701:finnal:1
	Results Loc  = /home/eleccds/simulation/9701/finnal/maestro/results/maestro
	Project Dir  = /home/eleccds/simulation
	Setup DB loc = /home/eleccds/cadence/9701/finnal/maestro
	File Encoding = 0


*Info*    The simulation mode in Spectre has been changed from
          'interactive' to 'batch' mode because ICLP.


*Info*    The auto suspension is disabled.






*Info*    Run start for Point ID (5 1) on testbench [ 9701:finnal:1 ].

Resetting statistical vars

*Info*    Setting parameter values ...

Setting var F = "0"
Setting var T = "100n"
Setting var V1n = "0.45"
Setting var V1p = "0.5"
Setting var V2n = "0.6"
Setting var V2p = "0.6"
Setting temp(T) = 27

*Info*    Netlist Directory =
          /home/eleccds/simulation/9701/finnal/maestro/results/maestro/ExplorerRun.0/1/9701:finnal:1/netlist


*Info*    Data Directory    =
          /home/eleccds/simulation/9701/finnal/maestro/results/maestro/ExplorerRun.0/1/9701:finnal:1


*Info*    Creating Netlist for Point ID (5 1)

generate netlist...
Begin Incremental Netlisting Nov 24 15:33:54 2024
WARNING (OSSHNL-226): There are more design variables used in the current netlisting session as
compared to the last session in the current run directory. The netlist(s)
generated in the last netlisting session cannot be reused for incremental
netlisting. Therefore re-netlisting the design.

End netlisting Nov 24 15:33:54 2024

Netlisting Statistics:
	Number of components:   57

	Elapsed time:          0.0s
Errors: 0	Warnings: 0
      ...successful.
compose simulator input file...
      ...successful.

*Info*    Running simulation on testbench [ 9701:finnal:1 ] for Point
          ID (5 1).

Delete psf data in /home/eleccds/simulation/9701/finnal/maestro/results/maestro/ExplorerRun.0/1/9701:finnal:1/psf.
compose simulator input file...
      ...successful.
start simulator if needed...
      ...successful.
simulate...
To view the simulator output, right-click on the test name, result 
name, or any value in the "Results" tab of the Outputs section and 
choose "Output Log" menu option.
INFO (ADE-3071): Simulation completed successfully.
reading simulation data...
      ...successful.
*Info*    Client has finished evaluating ... 


*Info*    Run complete for Point ID (5 1) on testbench [
          9701:finnal:1 ].





Simulation design variables differ from those on the cellView,
they have been saved in the file "/tmp/saved-design-variables".
To save future changes, copy variables to cellView before exiting.
